<?xml version="1.0" encoding="UTF-8"?>
<!-- Generated by org.testng.reporters.JUnitXMLReporter -->
<testsuite hostname="GGKU5DELL1081" ignored="0" name="Test" tests="6" failures="0" timestamp="2021-05-20T17:32:09 IST" time="0.095" errors="0">
  <testcase name="JiraTest" time="0.009" classname="qaclickacademy.APITest"/>
  <testcase name="deleteTwitter" time="0.0" classname="qaclickacademy.APITest"/>
  <testcase name="BrowserTest" time="0.001" classname="qaclickacademy.SeleniumTest"/>
  <testcase name="elementsUi" time="0.0" classname="qaclickacademy.SeleniumTest"/>
  <testcase name="IOSApps" time="0.0" classname="qaclickacademy.AppiumTest"/>
  <testcase name="NativeAppsAndroid" time="0.009" classname="qaclickacademy.AppiumTest"/>
</testsuite> <!-- Test -->
