<?xml version="1.0" encoding="UTF-8"?>
<testng-results skipped="0" failed="0" ignored="0" total="6" passed="6">
  <reporter-output>
  </reporter-output>
  <suite name="Suite" duration-ms="95" started-at="2021-05-20T17:32:09 IST" finished-at="2021-05-20T17:32:09 IST">
    <groups>
    </groups>
    <test name="Test" duration-ms="95" started-at="2021-05-20T17:32:09 IST" finished-at="2021-05-20T17:32:09 IST">
      <class name="qaclickacademy.AppiumTest">
        <test-method status="PASS" signature="IOSApps()[pri:0, instance:qaclickacademy.AppiumTest@72b6cbcc]" name="IOSApps" duration-ms="0" started-at="2021-05-20T17:32:09 IST" finished-at="2021-05-20T17:32:09 IST">
          <reporter-output>
          </reporter-output>
        </test-method> <!-- IOSApps -->
        <test-method status="PASS" signature="NativeAppsAndroid()[pri:0, instance:qaclickacademy.AppiumTest@72b6cbcc]" name="NativeAppsAndroid" duration-ms="9" started-at="2021-05-20T17:32:09 IST" finished-at="2021-05-20T17:32:09 IST">
          <reporter-output>
          </reporter-output>
        </test-method> <!-- NativeAppsAndroid -->
      </class> <!-- qaclickacademy.AppiumTest -->
      <class name="qaclickacademy.APITest">
        <test-method status="PASS" signature="JiraTest()[pri:0, instance:qaclickacademy.APITest@32709393]" name="JiraTest" duration-ms="9" started-at="2021-05-20T17:32:09 IST" finished-at="2021-05-20T17:32:09 IST">
          <reporter-output>
          </reporter-output>
        </test-method> <!-- JiraTest -->
        <test-method status="PASS" signature="deleteTwitter()[pri:0, instance:qaclickacademy.APITest@32709393]" name="deleteTwitter" duration-ms="0" started-at="2021-05-20T17:32:09 IST" finished-at="2021-05-20T17:32:09 IST">
          <reporter-output>
          </reporter-output>
        </test-method> <!-- deleteTwitter -->
      </class> <!-- qaclickacademy.APITest -->
      <class name="qaclickacademy.SeleniumTest">
        <test-method status="PASS" signature="BrowserTest()[pri:0, instance:qaclickacademy.SeleniumTest@6737fd8f]" name="BrowserTest" duration-ms="1" started-at="2021-05-20T17:32:09 IST" finished-at="2021-05-20T17:32:09 IST">
          <reporter-output>
          </reporter-output>
        </test-method> <!-- BrowserTest -->
        <test-method status="PASS" signature="elementsUi()[pri:0, instance:qaclickacademy.SeleniumTest@6737fd8f]" name="elementsUi" duration-ms="0" started-at="2021-05-20T17:32:09 IST" finished-at="2021-05-20T17:32:09 IST">
          <reporter-output>
          </reporter-output>
        </test-method> <!-- elementsUi -->
      </class> <!-- qaclickacademy.SeleniumTest -->
    </test> <!-- Test -->
  </suite> <!-- Suite -->
</testng-results>
